make.exe all --print-data-base --no-builtin-variables --no-builtin-rules --question
# GNU Make 4.3
# Built for Windows32
# Copyright (C) 1988-2020 Free Software Foundation, Inc.
# License GPLv3+: GNU GPL version 3 or later <http://gnu.org/licenses/gpl.html>
# This is free software: you are free to change and redistribute it.
# There is NO WARRANTY, to the extent permitted by law.

# Make data base, printed on Sun May 09 10:47:46 2021

# Variables

# environment
SYSTEMDRIVE = C:
# makefile (from 'Makefile', line 6)
AVR_TOOLS := "C:/Program Files (x86)/Arduino/hardware/tools/avr"
# environment
LC_ALL = C
# environment
USERPROFILE = C:\Users\Andrew Lehmer
# environment
LOCALAPPDATA = C:\Users\Andrew Lehmer\AppData\Local
# environment
VSCODE_IPC_HOOK_EXTHOST = \\.\pipe\vscode-ipc-a9896401-1ecb-4308-b957-110c6d2a82f8-sock
# environment
VSCODE_CWD = C:\Users\Andrew Lehmer\AppData\Local\Pr 
ograms\Microsoft VS Code
# environment
CHOCOLATEYINSTALL = C:\ProgramData\chocolatey
# environment
SYSTEMROOT = C:\WINDOWS
# makefile (from 'Makefile', line 25)
EEPFLAGS := -O ihex -j .eeprom --set-section-flags=.eeprom=alloc,load --no-change-warnings --change-section-lma .eeprom=0
# environment
PROCESSOR_LEVEL = 6
# environment
PSMODULEPATH = C:\Program Files\WindowsPowerShell\Modules;C:\WINDOWS\system32\WindowsPowerShell\v1.0\Modules
# default
MAKE_COMMAND := C:/ProgramData/chocolatey/lib/make/tools/install/bin/make.exe
# automatic
@D = $(patsubst %/,%,$(patsubst %\,%,$(dir $@)))
# environment
CHROME_CRASHPAD_PIPE_NAME = \\.\pipe\crashpad_12912_GJAKWZTUSGPUQEFG
# environment
VSCODE_HANDLES_UNCAUGHT_ERRORS = true
# makefile (from 'Makefile', line 8)
BINARY := andruio.hex
# default
.VARIABLES := 
# automatic
%D = $(patsubst %/,%,$(patsubst %\,%,$(dir $%)))
# automatic
^D = $(patsubst %/,%,$(patsubst %\,%,$(dir $^)))
# environment
VSCODE_LOG_STACK = false
# automatic
%F = $(notdir $%)
# environment
LANG = C
# default
.LOADED := 
# environment
TMP = C:\Users\ANDREW~1\AppData\Local\Temp
# default
.INCLUDE_DIRS = .
# environment
PROCESSOR_ARCHITEW6432 = AMD64
# makefile
MAKEFLAGS = pqrR
# makefile (from 'Makefile', line 10)
C_SRC := cmdline.c dhcp.c main.c net.c printf.c sched.c spi.c string.c test.c timer.c usart.c w5100.c
# environment
ONEDRIVE = C:\Users\Andrew Lehmer\OneDrive
# makefile
CURDIR := c:/Users/Andrew Lehmer/source/repos/firmware
# environment
VSCODE_PIPE_LOGGING = true
# environment
APPLICATION_INSIGHTS_NO_DIAGNOSTIC_CHANNEL = true
# automatic
*D = $(patsubst %/,%,$(patsubst %\,%,$(dir $*)))
# environment
PROGRAMFILES = C:\Program Files (x86)
# environment
MFLAGS = -pqrR
# default
.SHELLFLAGS := -c
# environment
COMMONPROGRAMW6432 = C:\Program Files\Common Files
# automatic
+D = $(patsubst %/,%,$(patsubst %\,%,$(dir $+)))
# makefile (from 'Makefile', line 1)
MAKEFILE_LIST := Makefile
# automatic
@F = $(notdir $@)
# environment
VSCODE_VERBOSE_LOGGING = true
# environment
VSCODE_PID = 12912
# automatic
?D = $(patsubst %/,%,$(patsubst %\,%,$(dir $?)))
# automatic
*F = $(notdir $*)
# automatic
<D = $(patsubst %/,%,$(patsubst %\,%,$(dir $<)))
# environment
VSCODE_NLS_CONFIG = {"locale":"en-us","availableLanguages":{},"_languagePackSupport":true}
# environment
ONEDRIVECONSUMER = C:\Users\Andrew Lehmer\OneDrive
# default
MAKE_HOST := Windows32
# environment
PROGRAMDATA = C:\ProgramData
# default
SHELL := sh.exe
# environment
HOMEPATH = \Users\Andrew Lehmer
# default
MAKECMDGOALS := all
# makefile (from 'Makefile', line 16)
DEFINES := -DF_CPU=16000000UL -DARDUINO=10813 -DARDUINO_AVR_MEGA2560 -DBAUD=9600
# environment
DRIVERDATA = C:\Windows\System32\Drivers\DriverData
# environment
COMSPEC = C:\WINDOWS\system32\cmd.exe
# environment
WINDIR = C:\WINDOWS
# environment
MAKELEVEL := 0
# default
MAKE = $(MAKE_COMMAND)
# environment
PATH = C:\Program Files (x86)\Common Files\Oracle\Java\javapath;C:\Python39\Scripts\;C:\Python39\;C:\Program Files (x86)\Razer Chroma SDK\bin;C:\Program Files\Razer Chroma SDK\bin;C:\Program Files (x86)\Razer\ChromaBroadcast\bin;C:\Program Files\Razer\ChromaBroadcast\bin;C:\Windows\system32;C:\Windows;C:\Windows\System32\Wbem;C:\Windows\System32\WindowsPowerShell\v1.0\;C:\Windows\System32\OpenSSH\;C:\Program Files (x86)\NVIDIA Corporation\PhysX\Common;C:\Program Files\dotnet\;C:\Program Files\Git\cmd;C:\WINDOWS\system32;C:\WINDOWS;C:\WINDOWS\System32\Wbem;C:\WINDOWS\System32\WindowsPowerShell\v1.0\;C:\WINDOWS\System32\OpenSSH\;C:\WINDOWS\system32\config\systemprofile\AppData\Local\Microsoft\WindowsApps;C:\Program Files\nodejs\;C:\ProgramData\chocolatey\bin;C:\Program Files (x86)\dotnet\;C:\WINDOWS\system32;C:\WINDOWS;C:\WINDOWS\System32\Wbem;C:\WINDOWS\System32\WindowsPowerShell\v1.0\;C:\WINDOWS\System32\OpenSSH\;C:\Program Files\PuTTY\;C:\Users\Andrew Lehmer\AppData\Local\Programs\Python\Python37\Scripts\;C:\Users\Andrew Lehmer\AppData\Local\Programs\Python\Python37\;C:\Users\Andrew Lehmer\AppData\Local\Microsoft\WindowsApps;;C:\Users\Andrew Lehmer\AppData\Local\Programs\Microsoft VS Code\bin;C:\Users\Andrew Lehmer\AppData\Roaming\npm;C:\Users\Andrew Lehmer\.dotnet\tools
# environment
COMPUTERNAME = DESKTOP-6PHKPC4
# default
MAKEFILES := 
# automatic
^F = $(notdir $^)
# environment
PROMPT = $P$G
# environment
CHOCOLATEYLASTPATHUPDATE = 132544647094592438
# environment
LOGONSERVER = \\DESKTOP-6PHKPC4
# environment
VSCODE_LOG_NATIVE = false
# environment
USERNAME = Andrew Lehmer
# environment
COMMONPROGRAMFILES = C:\Program Files (x86)\Common Files
# automatic
?F = $(notdir $?)
# environment
PROGRAMW6432 = C:\Program Files
# environment
PATHEXT = .COM;.EXE;.BAT;.CMD;.VBS;.VBE;.JS;.JSE;.WSF;.WSH;.MSC;.PY;.PYW
# automatic
+F = $(notdir $+)
# environment
ORIGINAL_XDG_CURRENT_DESKTOP = undefined
# makefile (from 'Makefile', line 20)
OBJECTS :=  cmdline.o  dhcp.o  main.o  net.o  printf.o  sched.o  spi.o  string.o  test.o  timer.o  usart.o  w5100.o
# environment
USERDOMAIN = DESKTOP-6PHKPC4
# 'override' directive
GNUMAKEFLAGS := 
# makefile (from 'Makefile', line 18)
INCDIRS := -I("C:/Program Files (x86)/Arduino/hardware/tools/avr"/lib/gcc/avr/7.3.0/include -I"C:/Program Files (x86)/Arduino/hardware/tools/avr"/avr/include
# environment
OS = Windows_NT
# makefile
.DEFAULT_GOAL := all
# default
MAKE_VERSION := 4.3
# environment
PROGRAMFILES(X86) = C:\Program Files (x86)
# environment
USERDOMAIN_ROAMINGPROFILE = DESKTOP-6PHKPC4
# environment
NUMBER_OF_PROCESSORS = 8
# environment
PUBLIC = C:\Users\Public
# environment
VSCODE_NODE_CACHED_DATA_DIR = C:\Users\Andrew Lehmer\AppData\Roaming\Code\CachedData\cfa2e218100323074ac1948c885448fdf4de2a7f
# environment
APPDATA = C:\Users\Andrew Lehmer\AppData\Roaming
# makefile (from 'Makefile', line 32)
CFLAGS := -Wall -Wextra -Os -flto -mmcu=atmega2560 -w -ffunction-sections -fdata-sections -fno-exceptions -DF_CPU=16000000UL -DARDUINO=10813 -DARDUINO_AVR_MEGA2560 -DBAUD=9600 -I("C:/Program Files (x86)/Arduino/hardware/tools/avr"/lib/gcc/avr/7.3.0/include -I"C:/Program Files (x86)/Arduino/hardware/tools/avr"/avr/include
# environment
HOMEDRIVE = C:
# environment
PROCESSOR_ARCHITECTURE = x86
# environment
VSCODE_AMD_ENTRYPOINT = vs/workbench/services/extensions/node/extensionHostProcess
# environment
COMMONPROGRAMFILES(X86) = C:\Program Files (x86)\Common Files
# environment
ELECTRON_RUN_AS_NODE = 1
# environment
TEMP = C:\Users\ANDREW~1\AppData\Local\Temp
# environment
VSCODE_IPC_HOOK = \\.\pipe\274331fdf3af3cf8e468bcad9d2c2997-1.56.0-main-sock
# default
.RECIPEPREFIX := 
# automatic
<F = $(notdir $<)
# default
SUFFIXES := 
# environment
ALLUSERSPROFILE = C:\ProgramData
# envi 
ronment
SESSIONNAME = Console
# makefile (from 'Makefile', line 33)
CXXFLAGS := -std=c++17
# default
.FEATURES := target-specific order-only second-expansion else-if shortest-stem undefine oneshell nocomment grouped-target extra-prereqs archives jobserver output-sync load
# environment
PROCESSOR_REVISION = 5e03
# makefile (from 'Makefile', line 30)
CXX := "C:/Program Files (x86)/Arduino/hardware/tools/avr"/bin/avr-g++
# makefile (from 'Makefile', line 29)
CC := "C:/Program Files (x86)/Arduino/hardware/tools/avr"/bin/avr-g++
# makefile (from 'Makefile', line 23)
LFLAGS := -Wall -Wextra -Os -flto -mmcu=atmega2560 -Wl,--gc-sections
# makefile (from 'Makefile', line 11)
CXX_SRC := 
# makefile (from 'Makefile', line 26)
HEXFLAGS := -O ihex -R .eeprom
# makefile (from 'Makefile', line 13)
COMMON_FLAGS := -Wall -Wextra -Os -flto -mmcu=atmega2560
# environment
PROCESSOR_IDENTIFIER = Intel64 Family 6 Model 94 Stepping 3, GenuineIntel
# variable set hash-table stats:
# Load=110/1024=11%, Rehash=0, Collisions=11/156=7%

# Pattern-specific Variable Values

# No pattern-specific variable values.

# Directories

# . (key c:/Users/Andrew Lehmer/source/repos/firmware, mtime 1620571608): 32 files, 2 impossibilities.

# 32 files, 2 impossibilities in 1 directories.

# Implicit Rules

%.elf: cmdline.o dhcp.o main.o net.o printf.o sched.o spi.o string.o test.o timer.o usart.o w5100.o
#  recipe to execute (from 'Makefile', line 38):
	$(CXX) $(LFLAGS) -o $@ $^

%.eep: %.elf
#  recipe to execute (from 'Makefile', line 41):
	$(AVR_TOOLS)/bin/avr-objcopy $(EEPFLAGS) $^ $@

%.hex: %.elf
#  recipe to execute (from 'Makefile', line 44):
	$(AVR_TOOLS)/bin/avr-objcopy $(HEXFLAGS) $^ $@

# 3 implicit rules, 0 (0.0%) terminal.
# Files

# Not a target:
Makefile:
#  Implicit rule search has been done.
#  Last modified 2021-05-09 10:47:37
#  File has been updated.
#  Successfully updated.

clean:
#  Implicit rule search has not been done.
#  Modification time never checked.
#  File has not been updated.
#  recipe to execute (from 'Makefile', line 47):
	@del $(BINARY)

# Not a target:
andruio.hex:
#  Implicit rule search has been done.
#  Last modified 2021-05-09 10:46:48
#  File has been updated.
#  Successfully updated.

# Not a target:
.DEFAULT:
#  Implicit rule search has not been done.
#  Modification time never checked.
#  File has not been updated.

all: andruio.hex
#  Command line target.
#  Implicit rule search has been done.
#  File does not exist.
#  File has been updated.
#  Successfully updated.

install: all
#  Implicit rule search has not been done.
#  Modification time never checked.
#  File has not been updated.
#  recipe to execute (from 'Makefile', line 50):
	$(AVR_TOOLS)/bin/avrdude -C$(AVR_TOOLS)/etc/avrdude.conf -v \
		-patmega2560 -cwiring -PCOM3 -b115200 -D -Uflash:w:$(BINARY):i

# files hash-table stats:
# Load=7/1024=1%, Rehash=0, Collisions=0/24=0%
# VPATH Search Paths

# No 'vpath' search paths.

# No general ('VPATH' variable) search path.

# strcache buffers: 1 (0) / strings = 53 / storage = 433 B / avg = 8 B
# current buf: size = 8174 B / used = 433 B / count = 53 / avg = 8 B

# strcache performance: lookups = 70 / hit rate = 24%
# hash-table stats:
# Load=53/8192=1%, Rehash=0, Collisions=0/70=0%
# Finished Make data base on Sun May 09 10:47:46 2021

 
